<?xml version="1.0" encoding="UTF-8"?>
<testsuite xmlns:xsi="http://www.w3.org/2001/XMLSchema-instance" xsi:noNamespaceSchemaLocation="https://maven.apache.org/surefire/maven-surefire-plugin/xsd/surefire-test-report.xsd" name="es.iespuertodelacruz.bait.controladorTests.EnvioControllerTest" time="2.688" tests="9" errors="0" skipped="0" failures="0">
  <properties>
[...]
</properties>
  <testcase name="obtenerListadoPorDniTest" classname="es.iespuertodelacruz.bait.controladorTests.EnvioControllerTest" time="0.474"/>
  <testcase name="eliminarErrorTest" classname="es.iespuertodelacruz.bait.controladorTests.EnvioControllerTest" time="0.242"/>
  <testcase name="insertarErrorTest" classname="es.iespuertodelacruz.bait.controladorTests.EnvioControllerTest" time="0.257"/>
  <testcase name="modificarTest" classname="es.iespuertodelacruz.bait.controladorTests.EnvioControllerTest" time="0.307"/>
  <testcase name="buscarTest" classname="es.iespuertodelacruz.bait.controladorTests.EnvioControllerTest" time="0.315"/>
  <testcase name="obtenerListadoTest" classname="es.iespuertodelacruz.bait.controladorTests.EnvioControllerTest" time="0.268"/>
  <testcase name="modificarErrorTest" classname="es.iespuertodelacruz.bait.controladorTests.EnvioControllerTest" time="0.291"/>
  <testcase name="validarEnvio" classname="es.iespuertodelacruz.bait.controladorTests.EnvioControllerTest" time="0.238"/>
  <testcase name="buscarErrorTest" classname="es.iespuertodelacruz.bait.controladorTests.EnvioControllerTest" time="0.255"/>
</testsuite>