<?xml version="1.0" encoding="UTF-8"?>
<testsuite xmlns:xsi="http://www.w3.org/2001/XMLSchema-instance" xsi:noNamespaceSchemaLocation="https://maven.apache.org/surefire/maven-surefire-plugin/xsd/surefire-test-report.xsd" name="es.iespuertodelacruz.bait.controladorTests.PedidoControllerTest" time="2.343" tests="10" errors="0" skipped="0" failures="0">
  <properties>
[...]
</properties>
  <testcase name="obtenerListadoPorDniTest" classname="es.iespuertodelacruz.bait.controladorTests.PedidoControllerTest" time="0.225"/>
  <testcase name="eliminarErrorTest" classname="es.iespuertodelacruz.bait.controladorTests.PedidoControllerTest" time="0.209"/>
  <testcase name="insertarErrorTest" classname="es.iespuertodelacruz.bait.controladorTests.PedidoControllerTest" time="0.233"/>
  <testcase name="modificarTest" classname="es.iespuertodelacruz.bait.controladorTests.PedidoControllerTest" time="0.21"/>
  <testcase name="realizarPedidoTest" classname="es.iespuertodelacruz.bait.controladorTests.PedidoControllerTest" time="0.338"/>
  <testcase name="buscarTest" classname="es.iespuertodelacruz.bait.controladorTests.PedidoControllerTest" time="0.227"/>
  <testcase name="obtenerListadoTest" classname="es.iespuertodelacruz.bait.controladorTests.PedidoControllerTest" time="0.213"/>
  <testcase name="modificarErrorTest" classname="es.iespuertodelacruz.bait.controladorTests.PedidoControllerTest" time="0.254"/>
  <testcase name="validarPedido" classname="es.iespuertodelacruz.bait.controladorTests.PedidoControllerTest" time="0.231"/>
  <testcase name="buscarErrorTest" classname="es.iespuertodelacruz.bait.controladorTests.PedidoControllerTest" time="0.197"/>
</testsuite>